android/app/build/intermediates/manifest_merge_blame_file/debug/manifest-merger-blame-debug-report.txt
1<?xml version="1.0" encoding="utf-8"?>
2<manifest xmlns:android="http://schemas.android.com/apk/res/android"
3    package="io.ionic.starter"
4    android:versionCode="1"
5    android:versionName="1.0" >
6
7    <uses-sdk
8        android:minSdkVersion="21"
8-->src\main\AndroidManifest.xml
9        android:targetSdkVersion="30" />
9-->src\main\AndroidManifest.xml
10
11    <!-- Permissions -->
12
13    <uses-permission android:name="android.permission.INTERNET" />
13-->src\main\AndroidManifest.xml:40:5-67
13-->src\main\AndroidManifest.xml:40:22-64
14    <uses-permission android:name="android.permission.CAMERA" />
14-->[:capacitor-cordova-android-plugins] AndroidManifest.xml:10:5-65
14-->[:capacitor-cordova-android-plugins] AndroidManifest.xml:10:22-62
15    <uses-permission android:name="android.permission.FLASHLIGHT" />
15-->[:capacitor-cordova-android-plugins] AndroidManifest.xml:11:5-69
15-->[:capacitor-cordova-android-plugins] AndroidManifest.xml:11:22-66
16
17    <uses-feature
17-->[:capacitor-cordova-android-plugins] AndroidManifest.xml:13:5-15:35
18        android:name="android.hardware.camera"
18-->[:capacitor-cordova-android-plugins] AndroidManifest.xml:14:9-47
19        android:required="true" />
19-->[:capacitor-cordova-android-plugins] AndroidManifest.xml:15:9-32
20
21    <uses-permission android:name="android.permission.VIBRATE" />
21-->[:capacitor-haptics] AndroidManifest.xml:9:5-66
21-->[:capacitor-haptics] AndroidManifest.xml:9:22-63
22
23    <application
23-->src\main\AndroidManifest.xml:5:5-36:19
24        android:allowBackup="true"
24-->src\main\AndroidManifest.xml:6:9-35
25        android:appComponentFactory="androidx.core.app.CoreComponentFactory"
25-->[androidx.core:core:1.3.2] AndroidManifest.xml:24:18-86
26        android:debuggable="true"
27        android:icon="@mipmap/ic_launcher"
27-->src\main\AndroidManifest.xml:7:9-43
28        android:label="@string/app_name"
28-->src\main\AndroidManifest.xml:8:9-41
29        android:roundIcon="@mipmap/ic_launcher_round"
29-->src\main\AndroidManifest.xml:9:9-54
30        android:supportsRtl="true"
30-->src\main\AndroidManifest.xml:10:9-35
31        android:testOnly="true"
32        android:theme="@style/AppTheme" >
32-->src\main\AndroidManifest.xml:11:9-40
33        <activity
33-->src\main\AndroidManifest.xml:13:9-25:20
34            android:name="io.ionic.starter.MainActivity"
34-->src\main\AndroidManifest.xml:15:13-57
35            android:configChanges="orientation|keyboardHidden|keyboard|screenSize|locale|smallestScreenSize|screenLayout|uiMode"
35-->src\main\AndroidManifest.xml:14:13-129
36            android:label="@string/title_activity_main"
36-->src\main\AndroidManifest.xml:16:13-56
37            android:launchMode="singleTask"
37-->src\main\AndroidManifest.xml:18:13-44
38            android:theme="@style/AppTheme.NoActionBarLaunch" >
38-->src\main\AndroidManifest.xml:17:13-62
39            <intent-filter>
39-->src\main\AndroidManifest.xml:20:13-23:29
40                <action android:name="android.intent.action.MAIN" />
40-->src\main\AndroidManifest.xml:21:17-69
40-->src\main\AndroidManifest.xml:21:25-66
41
42                <category android:name="android.intent.category.LAUNCHER" />
42-->src\main\AndroidManifest.xml:22:17-77
42-->src\main\AndroidManifest.xml:22:27-74
43            </intent-filter>
44        </activity>
45
46        <provider
47            android:name="androidx.core.content.FileProvider"
47-->src\main\AndroidManifest.xml:28:13-62
48            android:authorities="io.ionic.starter.fileprovider"
48-->src\main\AndroidManifest.xml:29:13-64
49            android:exported="false"
49-->src\main\AndroidManifest.xml:30:13-37
50            android:grantUriPermissions="true" >
50-->src\main\AndroidManifest.xml:31:13-47
51            <meta-data
51-->src\main\AndroidManifest.xml:32:13-34:64
52                android:name="android.support.FILE_PROVIDER_PATHS"
52-->src\main\AndroidManifest.xml:33:17-67
53                android:resource="@xml/file_paths" />
53-->src\main\AndroidManifest.xml:34:17-51
54        </provider>
55
56        <activity
56-->[:capacitor-cordova-android-plugins] AndroidManifest.xml:18:9-24:63
57            android:name="com.google.zxing.client.android.CaptureActivity"
57-->[:capacitor-cordova-android-plugins] AndroidManifest.xml:19:13-75
58            android:clearTaskOnLaunch="true"
58-->[:capacitor-cordova-android-plugins] AndroidManifest.xml:20:13-45
59            android:configChanges="orientation|keyboardHidden|screenSize"
59-->[:capacitor-cordova-android-plugins] AndroidManifest.xml:21:13-74
60            android:exported="false"
60-->[:capacitor-cordova-android-plugins] AndroidManifest.xml:22:13-37
61            android:theme="@android:style/Theme.NoTitleBar.Fullscreen"
61-->[:capacitor-cordova-android-plugins] AndroidManifest.xml:23:13-71
62            android:windowSoftInputMode="stateAlwaysHidden" />
62-->[:capacitor-cordova-android-plugins] AndroidManifest.xml:24:13-60
63        <activity
63-->[:capacitor-cordova-android-plugins] AndroidManifest.xml:25:9-27:37
64            android:name="com.google.zxing.client.android.encode.EncodeActivity"
64-->[:capacitor-cordova-android-plugins] AndroidManifest.xml:26:13-81
65            android:label="Share" />
65-->[:capacitor-cordova-android-plugins] AndroidManifest.xml:27:13-34
66    </application>
67
68</manifest>